2017-11-07 14:44:53,793 - common.log - INFO - ############################### START ###############################
2017-11-07 14:44:55,009 - common.log - INFO - Add inspection data success
2017-11-07 14:45:02,314 - common.log - INFO - Clear and input text to the element 	<id -> com.tdh.rpms:id/et_usertel>	 content: 18912656465  spend :7.301417827606201 time 
2017-11-07 14:45:18,198 - common.log - INFO - Clear and input text to the element 	<id -> com.tdh.rpms:id/et_password>	 content: 12345678  spend :6.551374673843384 time 
2017-11-07 14:45:28,563 - common.log - INFO - keyboard： 4
2017-11-07 14:45:28,565 - common.log - INFO - Click the element	<id -> com.tdh.rpms:id/btn_login>	 spend :0.0 time 
2017-11-07 14:45:34,370 - common.log - INFO - recessive waiting： 10 秒
2017-11-07 14:45:34,372 - common.log - INFO - Click the element	<name -> 安全巡检>	 spend :0.0 time 
2017-11-07 14:45:39,056 - common.log - INFO - Click the element	<name -> planTest>	 spend :0.0 time 
2017-11-07 14:45:43,750 - common.log - INFO - Click the element	<name -> point1>	 spend :0.0 time 
2017-11-07 14:45:51,123 - common.log - INFO - Click the element	<id -> com.tdh.rpms:id/tv_sava>	 spend :0.0 time 
2017-11-07 14:46:02,385 - common.log - INFO - Clear and input text to the element 	<id -> com.tdh.rpms:id/et_des>	 content: No problem point1  spend :6.792388439178467 time 
2017-11-07 14:46:12,736 - common.log - INFO - keyboard： 4
2017-11-07 14:46:12,739 - common.log - INFO - Click the element	<id -> com.tdh.rpms:id/ll_paizhao>	 spend :0.0 time 
2017-11-07 14:46:21,479 - common.log - INFO - keyboard： 27
2017-11-07 14:46:21,482 - common.log - INFO - Click the element	<id -> com.android.camera:id/done_button>	 spend :0.0 time 
2017-11-07 14:46:29,745 - common.log - INFO - recessive waiting： 3 秒
2017-11-07 14:46:29,748 - common.log - INFO - Click the element	<id -> com.tdh.rpms:id/btn_sava>	 spend :0.0 time 
2017-11-07 14:46:42,265 - common.log - INFO - Click the element	<name -> point2>	 spend :0.0 time 
2017-11-07 14:46:50,221 - common.log - INFO - Click the element	<id -> com.tdh.rpms:id/tv_sava>	 spend :0.0 time 
2017-11-07 14:47:01,899 - common.log - INFO - Clear and input text to the element 	<id -> com.tdh.rpms:id/et_des>	 content: No problem point2  spend :6.962398290634155 time 
2017-11-07 14:47:12,193 - common.log - INFO - keyboard： 4
2017-11-07 14:47:12,195 - common.log - INFO - Click the element	<id -> com.tdh.rpms:id/ll_paizhao>	 spend :0.0 time 
2017-11-07 14:47:20,955 - common.log - INFO - keyboard： 27
2017-11-07 14:47:20,958 - common.log - INFO - Click the element	<id -> com.android.camera:id/done_button>	 spend :0.0 time 
2017-11-07 14:47:28,588 - common.log - INFO - recessive waiting： 3 秒
2017-11-07 14:47:28,590 - common.log - INFO - Click the element	<id -> com.tdh.rpms:id/btn_sava>	 spend :0.0 time 
2017-11-07 14:47:39,098 - common.log - INFO - Click the element	<id -> com.tdh.rpms:id/btn_finish>	 spend :0.0 time 
2017-11-07 14:47:43,878 - common.log - INFO - Click the element	<id -> com.tdh.rpms:id/iv_tab_my>	 spend :0.0 time 
2017-11-07 14:47:53,909 - common.log - INFO - Please enter the correct targeting elements
