2017-11-07 17:10:45,831 - common.log - INFO - ############################### START ###############################
2017-11-07 17:10:47,760 - common.log - INFO - Add inspection data success
2017-11-07 17:10:52,394 - common.log - INFO - Clear and input text to the element 	<id -> com.tdh.rpms:id/et_usertel>	 content: 18912656465  spend :4.631264686584473 time 
2017-11-07 17:11:00,552 - common.log - INFO - Clear and input text to the element 	<id -> com.tdh.rpms:id/et_password>	 content: 12345678  spend :3.0151724815368652 time 
2017-11-07 17:11:06,139 - common.log - INFO - keyboard： 4
2017-11-07 17:11:06,141 - common.log - INFO - Click the element	<id -> com.tdh.rpms:id/btn_login>	 spend :0.0 time 
2017-11-07 17:11:06,944 - common.log - INFO - recessive waiting： 10 秒
2017-11-07 17:11:06,946 - common.log - INFO - Click the element	<name -> 安全巡检>	 spend :0.0 time 
2017-11-07 17:11:08,866 - common.log - INFO - Click the element	<name -> planTest>	 spend :0.0 time 
2017-11-07 17:11:10,620 - common.log - INFO - Click the element	<name -> point1>	 spend :0.0 time 
2017-11-07 17:11:15,006 - common.log - INFO - Click the element	<id -> com.tdh.rpms:id/tv_sava>	 spend :0.0 time 
2017-11-07 17:11:18,785 - common.log - INFO - Clear and input text to the element 	<id -> com.tdh.rpms:id/et_des>	 content: No problem point1  spend :3.3061890602111816 time 
2017-11-07 17:11:24,618 - common.log - INFO - keyboard： 4
2017-11-07 17:11:24,621 - common.log - INFO - Click the element	<id -> com.tdh.rpms:id/ll_paizhao>	 spend :0.0 time 
2017-11-07 17:11:28,927 - common.log - INFO - keyboard： 27
2017-11-07 17:11:28,930 - common.log - INFO - Click the element	<id -> com.android.camera:id/done_button>	 spend :0.0 time 
2017-11-07 17:11:33,851 - common.log - INFO - recessive waiting： 3 秒
2017-11-07 17:11:33,855 - common.log - INFO - Click the element	<id -> com.tdh.rpms:id/btn_sava>	 spend :0.0 time 
2017-11-07 17:11:44,086 - common.log - INFO - Click the element	<name -> point2>	 spend :0.0 time 
2017-11-07 17:11:55,509 - common.log - INFO - Please enter the correct targeting elements
